  Building 'MDFM' with toolset 'WindowsKernelModeDriver10.0' and the 'Desktop' target platform.
  Stamping x64\Debug\MDFM.inf
  Stamping [Version] section with DriverVer=02/14/2023,18.2.20.552
C:\Users\xwyxwyx\Desktop\MDFM\MDFM\MDFM.inf : warning 1420: [DefaultInstall]-based INF cannot be processed as Primitive.
C:\Users\xwyxwyx\Desktop\MDFM\MDFM\MDFM.inf(25-25): warning 1421: Section [DefaultInstall] should have an architecture decoration.
C:\Users\xwyxwyx\Desktop\MDFM\MDFM\MDFM.inf(36-36): warning 1421: Section [DefaultUninstall] should have an architecture decoration.
C:\Users\xwyxwyx\Desktop\MDFM\MDFM\MDFM.inf(74-74): warning 1205: Section [MiniFilter.DriverFiles] referenced from DelFiles and CopyFiles directive.
  File.c
  Encrypt.c
  Flag.c
C:\Users\xwyxwyx\Desktop\MDFM\MDFM\Flag.c(40,65): warning C4133: “函数”: 从“PVOLUME_CONTEXT *”到“PFLT_VOLUME *”的类型不兼容
C:\Users\xwyxwyx\Desktop\MDFM\MDFM\Flag.c(48,40): warning C4133: “函数”: 从“PVOLUME_CONTEXT”到“PFLT_VOLUME”的类型不兼容
C:\Users\xwyxwyx\Desktop\MDFM\MDFM\Flag.c(161,66): warning C4133: “函数”: 从“PVOLUME_CONTEXT *”到“PFLT_VOLUME *”的类型不兼容
C:\Users\xwyxwyx\Desktop\MDFM\MDFM\Flag.c(169,41): warning C4133: “函数”: 从“PVOLUME_CONTEXT”到“PFLT_VOLUME”的类型不兼容
  Process.c
  SwapBuffer.c
  MDFM.c
  正在生成代码...
  MDFM.vcxproj -> C:\Users\xwyxwyx\Desktop\MDFM\x64\Debug\MDFM.sys
  Done Adding Additional Store
  Successfully signed: C:\Users\xwyxwyx\Desktop\MDFM\x64\Debug\MDFM.sys
  
  ........................
  Signability test complete.
  
  Errors:
  None
  
  Warnings:
  None
  
  Catalog generation complete.
  C:\Users\xwyxwyx\Desktop\MDFM\x64\Debug\MDFM\mdfm.cat
  Done Adding Additional Store
  Successfully signed: C:\Users\xwyxwyx\Desktop\MDFM\x64\Debug\MDFM\mdfm.cat
  
