c:\users\xwyxwyx\desktop\mdfm\mdfm\x64\debug\vc142.pdb
c:\users\xwyxwyx\desktop\mdfm\mdfm\x64\debug\mdfm.obj
c:\users\xwyxwyx\desktop\mdfm\mdfm\x64\debug\swapbuffer.obj
c:\users\xwyxwyx\desktop\mdfm\mdfm\x64\debug\process.obj
c:\users\xwyxwyx\desktop\mdfm\mdfm\x64\debug\flag.obj
c:\users\xwyxwyx\desktop\mdfm\mdfm\x64\debug\encrypt.obj
c:\users\xwyxwyx\desktop\mdfm\mdfm\x64\debug\file.obj
c:\users\xwyxwyx\desktop\mdfm\x64\debug\mdfm\mdfm.cat
c:\users\xwyxwyx\desktop\mdfm\x64\debug\mdfm.sys
c:\users\xwyxwyx\desktop\mdfm\x64\debug\mdfm.pdb
c:\users\xwyxwyx\desktop\mdfm\mdfm\x64\debug\mdfm.res
c:\users\xwyxwyx\desktop\mdfm\mdfm\x64\debug\mdfm.inf
c:\users\xwyxwyx\desktop\mdfm\x64\debug\mdfm.cer
c:\users\xwyxwyx\desktop\mdfm\x64\debug\mdfm.inf
c:\users\xwyxwyx\desktop\mdfm\mdfm\x64\debug\mdfm.tlog\cl.command.1.tlog
c:\users\xwyxwyx\desktop\mdfm\mdfm\x64\debug\mdfm.tlog\cl.read.1.tlog
c:\users\xwyxwyx\desktop\mdfm\mdfm\x64\debug\mdfm.tlog\cl.write.1.tlog
c:\users\xwyxwyx\desktop\mdfm\mdfm\x64\debug\mdfm.tlog\inf2cat-expand.20172.read.1.tlog
c:\users\xwyxwyx\desktop\mdfm\mdfm\x64\debug\mdfm.tlog\inf2cat-expand.20172.write.1.tlog
c:\users\xwyxwyx\desktop\mdfm\mdfm\x64\debug\mdfm.tlog\inf2cat-expand.read.1.tlog
c:\users\xwyxwyx\desktop\mdfm\mdfm\x64\debug\mdfm.tlog\inf2cat-expand.write.1.tlog
c:\users\xwyxwyx\desktop\mdfm\mdfm\x64\debug\mdfm.tlog\inf2cat.command.1.tlog
c:\users\xwyxwyx\desktop\mdfm\mdfm\x64\debug\mdfm.tlog\inf2cat.read.1.tlog
c:\users\xwyxwyx\desktop\mdfm\mdfm\x64\debug\mdfm.tlog\inf2cat.write.1.tlog
c:\users\xwyxwyx\desktop\mdfm\mdfm\x64\debug\mdfm.tlog\link.command.1.tlog
c:\users\xwyxwyx\desktop\mdfm\mdfm\x64\debug\mdfm.tlog\link.read.1.tlog
c:\users\xwyxwyx\desktop\mdfm\mdfm\x64\debug\mdfm.tlog\link.write.1.tlog
c:\users\xwyxwyx\desktop\mdfm\mdfm\x64\debug\mdfm.tlog\rc.command.1.tlog
c:\users\xwyxwyx\desktop\mdfm\mdfm\x64\debug\mdfm.tlog\rc.read.1.tlog
c:\users\xwyxwyx\desktop\mdfm\mdfm\x64\debug\mdfm.tlog\rc.write.1.tlog
c:\users\xwyxwyx\desktop\mdfm\mdfm\x64\debug\mdfm.tlog\signtool.command.1.tlog
c:\users\xwyxwyx\desktop\mdfm\mdfm\x64\debug\mdfm.tlog\signtool.read.1.tlog
c:\users\xwyxwyx\desktop\mdfm\mdfm\x64\debug\mdfm.tlog\signtool.timestamp.1.tlog
c:\users\xwyxwyx\desktop\mdfm\mdfm\x64\debug\mdfm.tlog\signtool.write.1.tlog
c:\users\xwyxwyx\desktop\mdfm\mdfm\x64\debug\mdfm.tlog\stampinf.command.1.tlog
c:\users\xwyxwyx\desktop\mdfm\mdfm\x64\debug\mdfm.tlog\stampinf.read.1.tlog
c:\users\xwyxwyx\desktop\mdfm\mdfm\x64\debug\mdfm.tlog\stampinf.write.1.tlog
